{"meta": {"format": 3, "version": "7.13.1", "timestamp": "2026-03-16T08:06:22.073410", "branch_coverage": false, "show_contexts": false}, "files": {"lib\\__init__.py": {"executed_lines": [3, 11], "summary": {"covered_lines": 2, "num_statements": 2, "percent_covered": 100.0, "percent_covered_display": "100", "missing_lines": 0, "excluded_lines": 0, "percent_statements_covered": 100.0, "percent_statements_covered_display": "100"}, "missing_lines": [], "excluded_lines": [], "functions": {"": {"executed_lines": [3, 11], "summary": {"covered_lines": 2, "num_statements": 2, "percent_covered": 100.0, "percent_covered_display": "100", "missing_lines": 0, "excluded_lines": 0, "percent_statements_covered": 100.0, "percent_statements_covered_display": "100"}, "missing_lines": [], "excluded_lines": [], "start_line": 1}}, "classes": {"": {"executed_lines": [3, 11], "summary": {"covered_lines": 2, "num_statements": 2, "percent_covered": 100.0, "percent_covered_display": "100", "missing_lines": 0, "excluded_lines": 0, "percent_statements_covered": 100.0, "percent_statements_covered_display": "100"}, "missing_lines": [], "excluded_lines": [], "start_line": 1}}}, "lib\\checklist.py": {"executed_lines": [9, 10, 11, 12, 13, 16, 17, 21, 24, 25, 33, 35, 39, 68, 78, 79, 80, 88, 89, 92, 106, 107, 115, 135, 137, 151, 154, 157, 158, 159, 160, 161, 162, 163, 165, 167, 175, 247, 269], "summary": {"covered_lines": 39, "num_statements": 77, "percent_covered": 50.64935064935065, "percent_covered_display": "51", "missing_lines": 38, "excluded_lines": 0, "percent_statements_covered": 50.64935064935065, "percent_statements_covered_display": "51"}, "missing_lines": [81, 82, 84, 85, 86, 87, 139, 142, 196, 198, 200, 203, 206, 207, 208, 210, 213, 214, 218, 221, 230, 231, 232, 233, 234, 235, 237, 238, 239, 241, 242, 244, 250, 258, 259, 261, 266, 270], "excluded_lines": [], "functions": {"_normalize_answer_keys": {"executed_lines": [78, 79, 80, 88, 89], "summary": {"covered_lines": 5, "num_statements": 11, "percent_covered": 45.45454545454545, "percent_covered_display": "45", "missing_lines": 6, "excluded_lines": 0, "percent_statements_covered": 45.45454545454545, "percent_statements_covered_display": "45"}, "missing_lines": [81, 82, 84, 85, 86, 87], "excluded_lines": [], "start_line": 68}, "validate_checklist": {"executed_lines": [106, 107], "summary": {"covered_lines": 2, "num_statements": 2, "percent_covered": 100.0, "percent_covered_display": "100", "missing_lines": 0, "excluded_lines": 0, "percent_statements_covered": 100.0, "percent_statements_covered_display": "100"}, "missing_lines": [], "excluded_lines": [], "start_line": 92}, "validate_checklist_answers": {"executed_lines": [135, 137, 151, 154, 157, 158, 159, 160, 161, 162, 163, 165, 167], "summary": {"covered_lines": 13, "num_statements": 15, "percent_covered": 86.66666666666667, "percent_covered_display": "87", "missing_lines": 2, "excluded_lines": 0, "percent_statements_covered": 86.66666666666667, "percent_statements_covered_display": "87"}, "missing_lines": [139, 142], "excluded_lines": [], "start_line": 115}, "log_checklist_answers": {"executed_lines": [], "summary": {"covered_lines": 0, "num_statements": 24, "percent_covered": 0.0, "percent_covered_display": "0", "missing_lines": 24, "excluded_lines": 0, "percent_statements_covered": 0.0, "percent_statements_covered_display": "0"}, "missing_lines": [196, 198, 200, 203, 206, 207, 208, 210, 213, 214, 218, 221, 230, 231, 232, 233, 234, 235, 237, 238, 239, 241, 242, 244], "excluded_lines": [], "start_line": 175}, "main": {"executed_lines": [], "summary": {"covered_lines": 0, "num_statements": 5, "percent_covered": 0.0, "percent_covered_display": "0", "missing_lines": 5, "excluded_lines": 0, "percent_statements_covered": 0.0, "percent_statements_covered_display": "0"}, "missing_lines": [250, 258, 259, 261, 266], "excluded_lines": [], "start_line": 247}, "": {"executed_lines": [9, 10, 11, 12, 13, 16, 17, 21, 24, 25, 33, 35, 39, 68, 92, 115, 175, 247, 269], "summary": {"covered_lines": 19, "num_statements": 20, "percent_covered": 95.0, "percent_covered_display": "95", "missing_lines": 1, "excluded_lines": 0, "percent_statements_covered": 95.0, "percent_statements_covered_display": "95"}, "missing_lines": [270], "excluded_lines": [], "start_line": 1}}, "classes": {"ChecklistQuestion": {"executed_lines": [], "summary": {"covered_lines": 0, "num_statements": 0, "percent_covered": 100.0, "percent_covered_display": "100", "missing_lines": 0, "excluded_lines": 0, "percent_statements_covered": 100.0, "percent_statements_covered_display": "100"}, "missing_lines": [], "excluded_lines": [], "start_line": 17}, "ValidationResult": {"executed_lines": [], "summary": {"covered_lines": 0, "num_statements": 0, "percent_covered": 100.0, "percent_covered_display": "100", "missing_lines": 0, "excluded_lines": 0, "percent_statements_covered": 100.0, "percent_statements_covered_display": "100"}, "missing_lines": [], "excluded_lines": [], "start_line": 25}, "ChecklistValidationError": {"executed_lines": [], "summary": {"covered_lines": 0, "num_statements": 0, "percent_covered": 100.0, "percent_covered_display": "100", "missing_lines": 0, "excluded_lines": 0, "percent_statements_covered": 100.0, "percent_statements_covered_display": "100"}, "missing_lines": [], "excluded_lines": [], "start_line": 33}, "": {"executed_lines": [9, 10, 11, 12, 13, 16, 17, 21, 24, 25, 33, 35, 39, 68, 78, 79, 80, 88, 89, 92, 106, 107, 115, 135, 137, 151, 154, 157, 158, 159, 160, 161, 162, 163, 165, 167, 175, 247, 269], "summary": {"covered_lines": 39, "num_statements": 77, "percent_covered": 50.64935064935065, "percent_covered_display": "51", "missing_lines": 38, "excluded_lines": 0, "percent_statements_covered": 50.64935064935065, "percent_statements_covered_display": "51"}, "missing_lines": [81, 82, 84, 85, 86, 87, 139, 142, 196, 198, 200, 203, 206, 207, 208, 210, 213, 214, 218, 221, 230, 231, 232, 233, 234, 235, 237, 238, 239, 241, 242, 244, 250, 258, 259, 261, 266, 270], "excluded_lines": [], "start_line": 1}}}, "lib\\state_encryption.py": {"executed_lines": [25, 26, 27, 28, 29, 30, 32, 33, 34, 37, 40, 65, 68, 70, 73, 94, 103, 104, 105, 107, 109, 112, 117, 119, 122, 123, 124, 125, 126, 127, 128, 129, 130, 132, 135, 156, 172, 173, 175, 178, 179, 184, 185, 186, 188, 190, 208, 223, 227, 236, 258, 260, 263, 266, 267, 270, 273, 274, 277, 280, 283, 289, 307, 309, 310, 313, 314, 316, 319, 322, 323, 326, 329, 331, 333, 334, 337, 347, 350, 351, 354, 359, 379, 381, 384, 387, 390, 391, 393, 400, 425, 432, 434, 437, 438, 441, 448, 449, 450, 453, 461, 462, 463, 465, 466, 470, 477], "summary": {"covered_lines": 107, "num_statements": 142, "percent_covered": 75.35211267605634, "percent_covered_display": "75", "missing_lines": 35, "excluded_lines": 0, "percent_statements_covered": 75.35211267605634, "percent_statements_covered_display": "75"}, "missing_lines": [146, 152, 153, 180, 181, 189, 191, 192, 195, 197, 200, 201, 203, 204, 205, 229, 231, 232, 233, 285, 286, 348, 355, 356, 395, 396, 444, 445, 456, 457, 458, 471, 472, 474, 475], "excluded_lines": [], "functions": {"_redact_sensitive_data": {"executed_lines": [94, 103, 104, 105, 107, 109, 112, 117, 119, 122, 123, 124, 125, 126, 127, 128, 129, 130, 132], "summary": {"covered_lines": 19, "num_statements": 19, "percent_covered": 100.0, "percent_covered_display": "100", "missing_lines": 0, "excluded_lines": 0, "percent_statements_covered": 100.0, "percent_statements_covered_display": "100"}, "missing_lines": [], "excluded_lines": [], "start_line": 73}, "_generate_key_from_password": {"executed_lines": [], "summary": {"covered_lines": 0, "num_statements": 3, "percent_covered": 0.0, "percent_covered_display": "0", "missing_lines": 3, "excluded_lines": 0, "percent_statements_covered": 0.0, "percent_statements_covered_display": "0"}, "missing_lines": [146, 152, 153], "excluded_lines": [], "start_line": 135}, "_get_or_create_encryption_key": {"executed_lines": [172, 173, 175, 178, 179, 184, 185, 186, 188, 190], "summary": {"covered_lines": 10, "num_statements": 22, "percent_covered": 45.45454545454545, "percent_covered_display": "45", "missing_lines": 12, "excluded_lines": 0, "percent_statements_covered": 45.45454545454545, "percent_statements_covered_display": "45"}, "missing_lines": [180, 181, 189, 191, 192, 195, 197, 200, 201, 203, 204, 205], "excluded_lines": [], "start_line": 156}, "_set_strict_permissions": {"executed_lines": [223, 227], "summary": {"covered_lines": 2, "num_statements": 6, "percent_covered": 33.333333333333336, "percent_covered_display": "33", "missing_lines": 4, "excluded_lines": 0, "percent_statements_covered": 33.333333333333336, "percent_statements_covered_display": "33"}, "missing_lines": [229, 231, 232, 233], "excluded_lines": [], "start_line": 208}, "encrypt_state": {"executed_lines": [258, 260, 263, 266, 267, 270, 273, 274, 277, 280, 283], "summary": {"covered_lines": 11, "num_statements": 13, "percent_covered": 84.61538461538461, "percent_covered_display": "85", "missing_lines": 2, "excluded_lines": 0, "percent_statements_covered": 84.61538461538461, "percent_statements_covered_display": "85"}, "missing_lines": [285, 286], "excluded_lines": [], "start_line": 236}, "decrypt_state": {"executed_lines": [307, 309, 310, 313, 314, 316, 319, 322, 323, 326, 329, 331, 333, 334], "summary": {"covered_lines": 14, "num_statements": 14, "percent_covered": 100.0, "percent_covered_display": "100", "missing_lines": 0, "excluded_lines": 0, "percent_statements_covered": 100.0, "percent_statements_covered_display": "100"}, "missing_lines": [], "excluded_lines": [], "start_line": 289}, "is_state_encrypted": {"executed_lines": [347, 350, 351, 354], "summary": {"covered_lines": 4, "num_statements": 7, "percent_covered": 57.142857142857146, "percent_covered_display": "57", "missing_lines": 3, "excluded_lines": 0, "percent_statements_covered": 57.142857142857146, "percent_statements_covered_display": "57"}, "missing_lines": [348, 355, 356], "excluded_lines": [], "start_line": 337}, "encrypt_existing_state": {"executed_lines": [379, 381, 384, 387, 390, 391, 393], "summary": {"covered_lines": 7, "num_statements": 9, "percent_covered": 77.77777777777777, "percent_covered_display": "78", "missing_lines": 2, "excluded_lines": 0, "percent_statements_covered": 77.77777777777777, "percent_statements_covered_display": "78"}, "missing_lines": [395, 396], "excluded_lines": [], "start_line": 359}, "verify_gdpr_compliance": {"executed_lines": [425, 432, 434, 437, 438, 441, 448, 449, 450, 453, 461, 462, 463, 465, 466, 470, 477], "summary": {"covered_lines": 17, "num_statements": 26, "percent_covered": 65.38461538461539, "percent_covered_display": "65", "missing_lines": 9, "excluded_lines": 0, "percent_statements_covered": 65.38461538461539, "percent_statements_covered_display": "65"}, "missing_lines": [444, 445, 456, 457, 458, 471, 472, 474, 475], "excluded_lines": [], "start_line": 400}, "": {"executed_lines": [25, 26, 27, 28, 29, 30, 32, 33, 34, 37, 40, 65, 68, 70, 73, 135, 156, 208, 236, 289, 337, 359, 400], "summary": {"covered_lines": 23, "num_statements": 23, "percent_covered": 100.0, "percent_covered_display": "100", "missing_lines": 0, "excluded_lines": 0, "percent_statements_covered": 100.0, "percent_statements_covered_display": "100"}, "missing_lines": [], "excluded_lines": [], "start_line": 1}}, "classes": {"StateEncryptionError": {"executed_lines": [], "summary": {"covered_lines": 0, "num_statements": 0, "percent_covered": 100.0, "percent_covered_display": "100", "missing_lines": 0, "excluded_lines": 0, "percent_statements_covered": 100.0, "percent_statements_covered_display": "100"}, "missing_lines": [], "excluded_lines": [], "start_line": 68}, "": {"executed_lines": [25, 26, 27, 28, 29, 30, 32, 33, 34, 37, 40, 65, 68, 70, 73, 94, 103, 104, 105, 107, 109, 112, 117, 119, 122, 123, 124, 125, 126, 127, 128, 129, 130, 132, 135, 156, 172, 173, 175, 178, 179, 184, 185, 186, 188, 190, 208, 223, 227, 236, 258, 260, 263, 266, 267, 270, 273, 274, 277, 280, 283, 289, 307, 309, 310, 313, 314, 316, 319, 322, 323, 326, 329, 331, 333, 334, 337, 347, 350, 351, 354, 359, 379, 381, 384, 387, 390, 391, 393, 400, 425, 432, 434, 437, 438, 441, 448, 449, 450, 453, 461, 462, 463, 465, 466, 470, 477], "summary": {"covered_lines": 107, "num_statements": 142, "percent_covered": 75.35211267605634, "percent_covered_display": "75", "missing_lines": 35, "excluded_lines": 0, "percent_statements_covered": 75.35211267605634, "percent_statements_covered_display": "75"}, "missing_lines": [146, 152, 153, 180, 181, 189, 191, 192, 195, 197, 200, 201, 203, 204, 205, 229, 231, 232, 233, 285, 286, 348, 355, 356, 395, 396, 444, 445, 456, 457, 458, 471, 472, 474, 475], "excluded_lines": [], "start_line": 1}}}, "lib\\task_detector.py": {"executed_lines": [8, 9, 10, 11, 12, 15, 17, 18, 21, 22, 31, 42, 53, 73, 75, 84, 87, 90, 93, 95, 101, 103, 111, 119, 138, 142, 145, 148, 163, 165, 166, 168, 170], "summary": {"covered_lines": 33, "num_statements": 34, "percent_covered": 97.05882352941177, "percent_covered_display": "97", "missing_lines": 1, "excluded_lines": 0, "percent_statements_covered": 97.05882352941177, "percent_statements_covered_display": "97"}, "missing_lines": [78], "excluded_lines": [], "functions": {"detect_task_type": {"executed_lines": [73, 75, 84, 87, 90, 93, 95, 101, 103, 111], "summary": {"covered_lines": 10, "num_statements": 11, "percent_covered": 90.9090909090909, "percent_covered_display": "91", "missing_lines": 1, "excluded_lines": 0, "percent_statements_covered": 90.9090909090909, "percent_statements_covered_display": "91"}, "missing_lines": [78], "excluded_lines": [], "start_line": 53}, "log_detection_decision": {"executed_lines": [138, 142, 145, 148, 163, 165, 166, 168, 170], "summary": {"covered_lines": 9, "num_statements": 9, "percent_covered": 100.0, "percent_covered_display": "100", "missing_lines": 0, "excluded_lines": 0, "percent_statements_covered": 100.0, "percent_statements_covered_display": "100"}, "missing_lines": [], "excluded_lines": [], "start_line": 119}, "": {"executed_lines": [8, 9, 10, 11, 12, 15, 17, 18, 21, 22, 31, 42, 53, 119], "summary": {"covered_lines": 14, "num_statements": 14, "percent_covered": 100.0, "percent_covered_display": "100", "missing_lines": 0, "excluded_lines": 0, "percent_statements_covered": 100.0, "percent_statements_covered_display": "100"}, "missing_lines": [], "excluded_lines": [], "start_line": 1}}, "classes": {"TaskType": {"executed_lines": [], "summary": {"covered_lines": 0, "num_statements": 0, "percent_covered": 100.0, "percent_covered_display": "100", "missing_lines": 0, "excluded_lines": 0, "percent_statements_covered": 100.0, "percent_statements_covered_display": "100"}, "missing_lines": [], "excluded_lines": [], "start_line": 15}, "TaskDetectionResult": {"executed_lines": [], "summary": {"covered_lines": 0, "num_statements": 0, "percent_covered": 100.0, "percent_covered_display": "100", "missing_lines": 0, "excluded_lines": 0, "percent_statements_covered": 100.0, "percent_statements_covered_display": "100"}, "missing_lines": [], "excluded_lines": [], "start_line": 22}, "": {"executed_lines": [8, 9, 10, 11, 12, 15, 17, 18, 21, 22, 31, 42, 53, 73, 75, 84, 87, 90, 93, 95, 101, 103, 111, 119, 138, 142, 145, 148, 163, 165, 166, 168, 170], "summary": {"covered_lines": 33, "num_statements": 34, "percent_covered": 97.05882352941177, "percent_covered_display": "97", "missing_lines": 1, "excluded_lines": 0, "percent_statements_covered": 97.05882352941177, "percent_statements_covered_display": "97"}, "missing_lines": [78], "excluded_lines": [], "start_line": 1}}}}, "totals": {"covered_lines": 181, "num_statements": 255, "percent_covered": 70.98039215686275, "percent_covered_display": "71", "missing_lines": 74, "excluded_lines": 0, "percent_statements_covered": 70.98039215686275, "percent_statements_covered_display": "71"}}